2024-03-24 23:18:31,060 - INFO - Loading plugins from directory: app.plugins
2024-03-24 23:18:31,062 - INFO - Application started
2024-03-24 23:19:18,394 - INFO - Exiting application
2024-03-24 23:20:46,071 - INFO - Loading plugins from directory: app.plugins
2024-03-24 23:20:46,074 - INFO - Application started
2024-03-24 23:20:51,210 - INFO - Command 'addition' executed with parameters: 2.0 2.0
2024-03-24 23:23:01,673 - INFO - Exiting application
2024-03-24 23:23:03,153 - INFO - Loading plugins from directory: app.plugins
2024-03-24 23:23:03,156 - INFO - Application started
2024-03-24 23:23:06,458 - INFO - Command 'add' executed with parameters: 2.0 2.0
2024-03-24 23:23:35,058 - INFO - Exiting application
2024-03-24 23:26:13,564 - INFO - Loading plugins from directory: app.plugins
2024-03-24 23:26:13,567 - INFO - Application started
2024-03-24 23:26:16,397 - INFO - Command 'add' executed with parameters: 2.0 2.0
2024-03-24 23:30:08,724 - INFO - Exiting application
2024-03-24 23:30:09,929 - INFO - Loading plugins from directory: app.plugins
2024-03-24 23:30:09,932 - INFO - Application started
2024-03-24 23:30:12,993 - INFO - Command 'add' executed with parameters: 2.0 2.0
2024-03-24 23:30:12,993 - INFO - Result: {result}
2024-03-24 23:31:37,996 - ERROR - Invalid input format: exit
2024-03-24 23:31:49,985 - INFO - Exiting application
2024-03-24 23:31:51,604 - INFO - Loading plugins from directory: app.plugins
2024-03-24 23:31:51,608 - INFO - Application started
2024-03-24 23:31:55,029 - INFO - Result: {result}
2024-03-24 23:33:32,995 - ERROR - Invalid input format: exit
2024-03-24 23:33:35,659 - INFO - Exiting application
2024-03-24 23:33:36,814 - INFO - Loading plugins from directory: app.plugins
2024-03-24 23:33:36,816 - INFO - Application started
2024-03-24 23:33:39,073 - INFO - Command 'add' executed with parameters: 2.0 2.0. Result: 4.0
2024-03-24 23:34:18,884 - ERROR - Cannot divide by zero
2024-03-24 23:34:52,159 - INFO - Command 'cake' executed with parameters: 2.0 2.0. Result: None
2024-03-24 23:36:12,833 - ERROR - Invalid input format: exit
2024-03-24 23:36:14,681 - INFO - Exiting application
2024-03-24 23:36:38,200 - INFO - Loading plugins from directory: app.plugins
2024-03-24 23:36:38,203 - INFO - Application started
2024-03-24 23:36:45,548 - INFO - Command 'pie' executed with parameters: 2.0 2.0. Result: None
2024-03-24 23:37:39,552 - ERROR - Invalid input format: exit
2024-03-24 23:37:41,168 - INFO - Exiting application
2024-03-24 23:37:42,085 - INFO - Loading plugins from directory: app.plugins
2024-03-24 23:37:42,088 - INFO - Application started
2024-03-24 23:37:44,970 - INFO - Command 'add' executed with parameters: 2.0 2.0. Result: 4.0
2024-03-24 23:37:48,574 - INFO - Command 'divide' executed with parameters: 2.0 2.0. Result: 1.0
2024-03-24 23:37:52,372 - ERROR - Cannot divide by zero
2024-03-24 23:38:06,716 - INFO - Command 'dividee' executed with parameters: 2.0 2.0. Result: None
2024-03-25 14:14:20,206 - INFO - Loading plugins from directory: app.plugins
2024-03-25 14:14:20,218 - INFO - Application started
2024-03-25 14:14:41,058 - INFO - Exiting application
2024-03-25 14:14:42,598 - INFO - Loading plugins from directory: app.plugins
2024-03-25 14:14:42,601 - INFO - Plugin Loaded: add
2024-03-25 14:14:42,601 - INFO - Plugin Loaded: divide
2024-03-25 14:14:42,601 - INFO - Plugin Loaded: menu
2024-03-25 14:14:42,601 - INFO - Plugin Loaded: multiply
2024-03-25 14:14:42,601 - INFO - Plugin Loaded: subtract
2024-03-25 14:14:42,601 - INFO - Application started
2024-03-25 14:24:11,635 - INFO - Exiting application
2024-03-25 16:17:55,586 - INFO - Loading plugins from directory: app.plugins
2024-03-25 16:17:55,591 - INFO - Plugin Loaded: add
2024-03-25 16:17:55,592 - INFO - Plugin Loaded: divide
2024-03-25 16:17:55,592 - INFO - Plugin Loaded: menu
2024-03-25 16:17:55,593 - INFO - Plugin Loaded: multiply
2024-03-25 16:17:55,593 - INFO - Plugin Loaded: subtract
2024-03-25 16:17:55,593 - INFO - Application started
2024-03-25 16:18:06,388 - INFO - Loading plugins from directory: app.plugins
2024-03-25 16:18:06,391 - INFO - Plugin Loaded: add
2024-03-25 16:18:06,392 - INFO - Plugin Loaded: divide
2024-03-25 16:18:06,392 - INFO - Plugin Loaded: menu
2024-03-25 16:18:06,392 - INFO - Plugin Loaded: multiply
2024-03-25 16:18:06,392 - INFO - Plugin Loaded: subtract
2024-03-25 16:18:06,392 - INFO - Application started
2024-03-25 16:18:44,196 - INFO - Loading plugins from directory: app.plugins
2024-03-25 16:18:44,198 - INFO - Plugin Loaded: add
2024-03-25 16:18:44,199 - INFO - Plugin Loaded: divide
2024-03-25 16:18:44,199 - INFO - Plugin Loaded: menu
2024-03-25 16:18:44,199 - INFO - Plugin Loaded: multiply
2024-03-25 16:18:44,199 - INFO - Plugin Loaded: subtract
2024-03-25 16:18:44,199 - INFO - Application started
2024-03-25 16:19:06,107 - INFO - Exiting application
2024-03-25 16:19:07,861 - INFO - Loading plugins from directory: app.plugins
2024-03-25 16:19:07,864 - INFO - Plugin Loaded: add
2024-03-25 16:19:07,864 - INFO - Plugin Loaded: divide
2024-03-25 16:19:07,864 - INFO - Plugin Loaded: menu
2024-03-25 16:19:07,864 - INFO - Plugin Loaded: multiply
2024-03-25 16:19:07,864 - INFO - Plugin Loaded: subtract
2024-03-25 16:19:07,864 - INFO - Application started
2024-03-25 16:19:25,465 - INFO - Loading plugins from directory: app.plugins
2024-03-25 16:19:25,473 - INFO - Plugin Loaded: add
2024-03-25 16:19:25,473 - INFO - Plugin Loaded: divide
2024-03-25 16:19:25,473 - INFO - Plugin Loaded: menu
2024-03-25 16:19:25,473 - INFO - Plugin Loaded: multiply
2024-03-25 16:19:25,474 - INFO - Plugin Loaded: subtract
2024-03-25 16:19:25,474 - INFO - Application started
2024-03-25 16:19:27,501 - INFO - Command 'add' executed with parameters: [2.0, 2.0]. Result: 4.0
2024-03-25 16:25:11,279 - INFO - Loading plugins from directory: app.plugins
2024-03-25 16:25:11,282 - INFO - Plugin Loaded: add
2024-03-25 16:25:11,283 - INFO - Plugin Loaded: divide
2024-03-25 16:25:11,283 - INFO - Plugin Loaded: menu
2024-03-25 16:25:11,283 - INFO - Plugin Loaded: multiply
2024-03-25 16:25:11,283 - INFO - Plugin Loaded: subtract
2024-03-25 16:25:11,283 - INFO - Application started
2024-03-25 16:25:26,363 - INFO - Loading plugins from directory: app.plugins
2024-03-25 16:25:26,366 - INFO - Plugin Loaded: add
2024-03-25 16:25:26,366 - INFO - Plugin Loaded: divide
2024-03-25 16:25:26,367 - INFO - Plugin Loaded: menu
2024-03-25 16:25:26,367 - INFO - Plugin Loaded: multiply
2024-03-25 16:25:26,367 - INFO - Plugin Loaded: subtract
2024-03-25 16:25:26,367 - INFO - Application started
2024-03-25 16:29:23,399 - INFO - Loading plugins from directory: app.plugins
2024-03-25 16:29:23,402 - INFO - Plugin Loaded: add
2024-03-25 16:29:23,402 - INFO - Plugin Loaded: divide
2024-03-25 16:29:23,402 - INFO - Plugin Loaded: menu
2024-03-25 16:29:23,402 - INFO - Plugin Loaded: multiply
2024-03-25 16:29:23,403 - INFO - Plugin Loaded: subtract
2024-03-25 16:29:23,403 - INFO - Application started
2024-03-25 16:31:25,887 - INFO - Loading plugins from directory: app.plugins
2024-03-25 16:31:25,893 - INFO - Plugin Loaded: add
2024-03-25 16:31:25,893 - INFO - Plugin Loaded: divide
2024-03-25 16:31:25,894 - INFO - Plugin Loaded: menu
2024-03-25 16:31:25,894 - INFO - Plugin Loaded: multiply
2024-03-25 16:31:25,895 - INFO - Plugin Loaded: subtract
2024-03-25 16:31:25,895 - INFO - Application started
2024-03-25 16:34:31,353 - INFO - Loading plugins from directory: app.plugins
2024-03-25 16:34:31,356 - INFO - Plugin Loaded: add
2024-03-25 16:34:31,356 - INFO - Plugin Loaded: divide
2024-03-25 16:34:31,357 - INFO - Plugin Loaded: menu
2024-03-25 16:34:31,357 - INFO - Plugin Loaded: multiply
2024-03-25 16:34:31,357 - INFO - Plugin Loaded: subtract
2024-03-25 16:34:31,357 - INFO - Application started
2024-03-25 16:34:52,921 - INFO - Loading plugins from directory: app.plugins
2024-03-25 16:34:52,924 - INFO - Plugin Loaded: add
2024-03-25 16:34:52,924 - INFO - Plugin Loaded: divide
2024-03-25 16:34:52,925 - INFO - Plugin Loaded: menu
2024-03-25 16:34:52,925 - INFO - Plugin Loaded: multiply
2024-03-25 16:34:52,925 - INFO - Plugin Loaded: subtract
2024-03-25 16:34:52,925 - INFO - Application started
2024-03-25 16:36:14,797 - INFO - Loading plugins from directory: app.plugins
2024-03-25 16:36:14,801 - INFO - Plugin Loaded: add
2024-03-25 16:36:14,801 - INFO - Plugin Loaded: divide
2024-03-25 16:36:14,801 - INFO - Plugin Loaded: menu
2024-03-25 16:36:14,802 - INFO - Plugin Loaded: multiply
2024-03-25 16:36:14,802 - INFO - Plugin Loaded: subtract
2024-03-25 16:36:14,802 - INFO - Application started
2024-03-25 16:36:41,865 - INFO - Loading plugins from directory: app.plugins
2024-03-25 16:36:41,868 - INFO - Plugin Loaded: add
2024-03-25 16:36:41,868 - INFO - Plugin Loaded: divide
2024-03-25 16:36:41,869 - INFO - Plugin Loaded: menu
2024-03-25 16:36:41,869 - INFO - Plugin Loaded: multiply
2024-03-25 16:36:41,870 - INFO - Plugin Loaded: subtract
2024-03-25 16:36:41,870 - INFO - Application started
2024-03-25 16:36:43,656 - INFO - Command 'add' executed with parameters: [2.0, 2.0]. Result: 4.0
2024-03-25 16:36:47,102 - INFO - Exiting application
2024-03-25 16:40:43,394 - INFO - Loading plugins from directory: app.plugins
2024-03-25 16:40:43,399 - INFO - Plugin Loaded: add
2024-03-25 16:40:43,399 - INFO - Plugin Loaded: divide
2024-03-25 16:40:43,399 - INFO - Plugin Loaded: menu
2024-03-25 16:40:43,399 - INFO - Plugin Loaded: multiply
2024-03-25 16:40:43,399 - INFO - Plugin Loaded: subtract
2024-03-25 16:40:43,399 - INFO - Application started
2024-03-25 16:41:12,859 - INFO - Loading plugins from directory: app.plugins
2024-03-25 16:41:12,863 - INFO - Plugin Loaded: add
2024-03-25 16:41:12,863 - INFO - Plugin Loaded: divide
2024-03-25 16:41:12,863 - INFO - Plugin Loaded: menu
2024-03-25 16:41:12,863 - INFO - Plugin Loaded: multiply
2024-03-25 16:41:12,863 - INFO - Plugin Loaded: subtract
2024-03-25 16:41:12,863 - INFO - Application started
2024-03-25 16:41:17,586 - INFO - Command 'menu_command' executed with parameters: []. Result: None
2024-03-25 16:44:37,277 - INFO - Exiting application
2024-03-25 16:44:39,220 - INFO - Loading plugins from directory: app.plugins
2024-03-25 16:44:39,223 - INFO - Plugin Loaded: add
2024-03-25 16:44:39,223 - INFO - Plugin Loaded: divide
2024-03-25 16:44:39,223 - INFO - Plugin Loaded: menu
2024-03-25 16:44:39,223 - INFO - Plugin Loaded: multiply
2024-03-25 16:44:39,224 - INFO - Plugin Loaded: subtract
2024-03-25 16:44:39,224 - INFO - Application started
2024-03-25 16:45:06,185 - INFO - Loading plugins from directory: app.plugins
2024-03-25 16:45:06,188 - INFO - Plugin Loaded: add
2024-03-25 16:45:06,189 - INFO - Plugin Loaded: divide
2024-03-25 16:45:06,189 - INFO - Plugin Loaded: menu
2024-03-25 16:45:06,189 - INFO - Plugin Loaded: multiply
2024-03-25 16:45:06,189 - INFO - Plugin Loaded: subtract
2024-03-25 16:45:06,189 - INFO - Application started
2024-03-25 16:46:25,652 - INFO - Loading plugins from directory: app.plugins
2024-03-25 16:46:25,657 - INFO - Plugin Loaded: add
2024-03-25 16:46:25,658 - INFO - Plugin Loaded: divide
2024-03-25 16:46:25,658 - INFO - Plugin Loaded: menu
2024-03-25 16:46:25,659 - INFO - Plugin Loaded: multiply
2024-03-25 16:46:25,659 - INFO - Plugin Loaded: subtract
2024-03-25 16:46:25,659 - INFO - Application started
2024-03-25 17:10:28,638 - INFO - Loading plugins from directory: app.plugins
2024-03-25 17:10:28,643 - INFO - Plugin Loaded: add
2024-03-25 17:10:28,643 - INFO - Plugin Loaded: divide
2024-03-25 17:10:28,644 - INFO - Plugin Loaded: menu
2024-03-25 17:10:28,644 - INFO - Plugin Loaded: multiply
2024-03-25 17:10:28,644 - INFO - Plugin Loaded: subtract
2024-03-25 17:10:28,645 - INFO - Application started
2024-03-25 17:10:30,252 - INFO - Command 'add' executed with parameters: [2.0, 2.0]. Result: 4.0
2024-03-25 17:15:52,564 - INFO - Loading plugins from directory: app.plugins
2024-03-25 17:15:52,567 - INFO - Plugin Loaded: add
2024-03-25 17:15:52,567 - INFO - Plugin Loaded: divide
2024-03-25 17:15:52,567 - INFO - Plugin Loaded: menu
2024-03-25 17:15:52,567 - INFO - Plugin Loaded: multiply
2024-03-25 17:15:52,568 - INFO - Plugin Loaded: subtract
2024-03-25 17:15:52,568 - INFO - Application started
2024-03-25 17:15:55,941 - INFO - Command 'add' executed with parameters: ['2', '2']. Result: 22
2024-03-25 17:17:44,188 - INFO - Exiting application
2024-03-25 17:17:46,035 - INFO - Loading plugins from directory: app.plugins
2024-03-25 17:17:46,039 - INFO - Plugin Loaded: add
2024-03-25 17:17:46,039 - INFO - Plugin Loaded: divide
2024-03-25 17:17:46,040 - INFO - Plugin Loaded: menu
2024-03-25 17:17:46,040 - INFO - Plugin Loaded: multiply
2024-03-25 17:17:46,040 - INFO - Plugin Loaded: subtract
2024-03-25 17:17:46,040 - INFO - Application started
2024-03-25 17:17:47,684 - INFO - Command 'add' executed with parameters: [2.0, 2.0]. Result: 4.0
2024-03-25 17:17:55,868 - INFO - Command 'subtract' executed with parameters: [2.0, 2.0]. Result: 0.0
2024-03-25 17:18:01,230 - INFO - Command 'multiply' executed with parameters: [2.0, 2.0]. Result: 4.0
2024-03-25 17:18:04,494 - INFO - Command 'divide' executed with parameters: [2.0, 2.0]. Result: 1.0
2024-03-25 17:18:07,060 - WARNING - Cannot divide by zero
2024-03-25 17:18:14,373 - INFO - Command 'adi' executed with parameters: []. Result: None
2024-03-25 17:20:27,687 - INFO - Loading plugins from directory: app.plugins
2024-03-25 17:20:27,691 - INFO - Plugin Loaded: add
2024-03-25 17:20:27,691 - INFO - Plugin Loaded: divide
2024-03-25 17:20:27,692 - INFO - Plugin Loaded: menu
2024-03-25 17:20:27,692 - INFO - Plugin Loaded: multiply
2024-03-25 17:20:27,693 - INFO - Plugin Loaded: subtract
2024-03-25 17:20:27,693 - INFO - Application started
2024-03-25 17:20:30,144 - INFO - Command 'test' executed with parameters: []. Result: None
2024-03-25 17:21:26,331 - INFO - Exiting application
